The system is: Darwin - 12.4.0 - i386
Compiling the C compiler identification source file "CMakeCCompilerId.c" succeeded.
Compiler:  
Build flags: 
Id flags: 

The output was:
0
=== BUILD NATIVE TARGET CompilerIdC OF PROJECT CompilerIdC WITH THE DEFAULT CONFIGURATION (Debug) ===
Check dependencies

CompileC ./CompilerIdC.build/Debug/CompilerIdC.build/Objects-normal/i386/CMakeCCompilerId.o CMakeCCompilerId.c normal i386 c com.apple.compilers.llvm.clang.1_0.compiler
    cd /Users/jedwards/projects/live-surface/xcode/CMakeFiles/2.8.10.2/CompilerIdC
    setenv LANG en_US.US-ASCII
    /Applications/Xcode.app/Contents/Developer/Toolchains/XcodeDefault.xctoolchain/usr/bin/clang -x c -arch i386 -fmessage-length=0 -Wno-trigraphs -fpascal-strings -Os -Wno-missing-field-initializers -Wno-missing-prototypes -Wno-return-type -Wformat -Wno-missing-braces -Wparentheses -Wswitch -Wno-unused-function -Wno-unused-label -Wno-unused-parameter -Wno-unused-variable -Wunused-value -Wno-empty-body -Wno-uninitialized -Wno-unknown-pragmas -Wno-shadow -Wno-four-char-constants -Wno-conversion -Wno-constant-conversion -Wno-int-conversion -Wno-enum-conversion -Wno-shorten-64-to-32 -Wpointer-sign -Wno-newline-eof -fasm-blocks -fstrict-aliasing -Wdeprecated-declarations -g -fvisibility=hidden -Wno-sign-conversion -I/Users/jedwards/projects/live-surface/xcode/CMakeFiles/2.8.10.2/CompilerIdC/./CompilerIdC.build/Debug/CompilerIdC.build/CompilerIdC.hmap -I/Users/jedwards/projects/live-surface/xcode/CMakeFiles/2.8.10.2/CompilerIdC/include -I/Applications/Xcode.app/Contents/Developer/Toolchains/XcodeDefault.xctoolchain/usr/include -I/Applications/Xcode.app/Contents/Developer/Toolchains/XcodeDefault.xctoolchain/usr/include -I/Applications/Xcode.app/Contents/Developer/Toolchains/XcodeDefault.xctoolchain/usr/include -I/Users/jedwards/projects/live-surface/xcode/CMakeFiles/2.8.10.2/CompilerIdC/./CompilerIdC.build/Debug/CompilerIdC.build/DerivedSources/i386 -I/Users/jedwards/projects/live-surface/xcode/CMakeFiles/2.8.10.2/CompilerIdC/./CompilerIdC.build/Debug/CompilerIdC.build/DerivedSources -F/Users/jedwards/projects/live-surface/xcode/CMakeFiles/2.8.10.2/CompilerIdC -MMD -MT dependencies -MF /Users/jedwards/projects/live-surface/xcode/CMakeFiles/2.8.10.2/CompilerIdC/./CompilerIdC.build/Debug/CompilerIdC.build/Objects-normal/i386/CMakeCCompilerId.d --serialize-diagnostics /Users/jedwards/projects/live-surface/xcode/CMakeFiles/2.8.10.2/CompilerIdC/./CompilerIdC.build/Debug/CompilerIdC.build/Objects-normal/i386/CMakeCCompilerId.dia -c /Users/jedwards/projects/live-surface/xcode/CMakeFiles/2.8.10.2/CompilerIdC/CMakeCCompilerId.c -o /Users/jedwards/projects/live-surface/xcode/CMakeFiles/2.8.10.2/CompilerIdC/./CompilerIdC.build/Debug/CompilerIdC.build/Objects-normal/i386/CMakeCCompilerId.o

Ld ./CompilerIdC normal i386
    cd /Users/jedwards/projects/live-surface/xcode/CMakeFiles/2.8.10.2/CompilerIdC
    /Applications/Xcode.app/Contents/Developer/Toolchains/XcodeDefault.xctoolchain/usr/bin/clang -arch i386 -L/Users/jedwards/projects/live-surface/xcode/CMakeFiles/2.8.10.2/CompilerIdC -F/Users/jedwards/projects/live-surface/xcode/CMakeFiles/2.8.10.2/CompilerIdC -filelist /Users/jedwards/projects/live-surface/xcode/CMakeFiles/2.8.10.2/CompilerIdC/./CompilerIdC.build/Debug/CompilerIdC.build/Objects-normal/i386/CompilerIdC.LinkFileList -o /Users/jedwards/projects/live-surface/xcode/CMakeFiles/2.8.10.2/CompilerIdC/./CompilerIdC

PhaseScriptExecution "Run Script" ./CompilerIdC.build/Debug/CompilerIdC.build/Script-2C8FEB8E15DC1A1A00E56A5D.sh
    cd /Users/jedwards/projects/live-surface/xcode/CMakeFiles/2.8.10.2/CompilerIdC
    /bin/sh -c /Users/jedwards/projects/live-surface/xcode/CMakeFiles/2.8.10.2/CompilerIdC/./CompilerIdC.build/Debug/CompilerIdC.build/Script-2C8FEB8E15DC1A1A00E56A5D.sh
GCC_VERSION=com.apple.compilers.llvm.clang.1_0


** BUILD SUCCEEDED **



Compilation of the C compiler identification source "CMakeCCompilerId.c" produced "CompilerIdC"

The C compiler identification is Clang, found in "/Users/jedwards/projects/live-surface/xcode/CMakeFiles/2.8.10.2/CompilerIdC/CompilerIdC"

Compiling the CXX compiler identification source file "CMakeCXXCompilerId.cpp" succeeded.
Compiler:  
Build flags: 
Id flags: 

The output was:
0
=== BUILD NATIVE TARGET CompilerIdCXX OF PROJECT CompilerIdCXX WITH THE DEFAULT CONFIGURATION (Debug) ===
Check dependencies

CompileC ./CompilerIdCXX.build/Debug/CompilerIdCXX.build/Objects-normal/i386/CMakeCXXCompilerId.o CMakeCXXCompilerId.cpp normal i386 c++ com.apple.compilers.llvm.clang.1_0.compiler
    cd /Users/jedwards/projects/live-surface/xcode/CMakeFiles/2.8.10.2/CompilerIdCXX
    setenv LANG en_US.US-ASCII
    /Applications/Xcode.app/Contents/Developer/Toolchains/XcodeDefault.xctoolchain/usr/bin/clang -x c++ -arch i386 -fmessage-length=0 -Wno-trigraphs -fpascal-strings -Os -Wno-missing-field-initializers -Wno-missing-prototypes -Wno-return-type -Wno-non-virtual-dtor -Wno-overloaded-virtual -Wno-exit-time-destructors -Wformat -Wno-missing-braces -Wparentheses -Wswitch -Wno-unused-function -Wno-unused-label -Wno-unused-parameter -Wno-unused-variable -Wunused-value -Wno-empty-body -Wno-uninitialized -Wno-unknown-pragmas -Wno-shadow -Wno-four-char-constants -Wno-conversion -Wno-constant-conversion -Wno-int-conversion -Wno-enum-conversion -Wno-shorten-64-to-32 -Wno-newline-eof -Wno-c++11-extensions -fasm-blocks -fstrict-aliasing -Wdeprecated-declarations -Winvalid-offsetof -g -fvisibility=hidden -fvisibility-inlines-hidden -Wno-sign-conversion -I/Users/jedwards/projects/live-surface/xcode/CMakeFiles/2.8.10.2/CompilerIdCXX/./CompilerIdCXX.build/Debug/CompilerIdCXX.build/CompilerIdCXX.hmap -I/Users/jedwards/projects/live-surface/xcode/CMakeFiles/2.8.10.2/CompilerIdCXX/include -I/Applications/Xcode.app/Contents/Developer/Toolchains/XcodeDefault.xctoolchain/usr/include -I/Applications/Xcode.app/Contents/Developer/Toolchains/XcodeDefault.xctoolchain/usr/include -I/Applications/Xcode.app/Contents/Developer/Toolchains/XcodeDefault.xctoolchain/usr/include -I/Users/jedwards/projects/live-surface/xcode/CMakeFiles/2.8.10.2/CompilerIdCXX/./CompilerIdCXX.build/Debug/CompilerIdCXX.build/DerivedSources/i386 -I/Users/jedwards/projects/live-surface/xcode/CMakeFiles/2.8.10.2/CompilerIdCXX/./CompilerIdCXX.build/Debug/CompilerIdCXX.build/DerivedSources -F/Users/jedwards/projects/live-surface/xcode/CMakeFiles/2.8.10.2/CompilerIdCXX -MMD -MT dependencies -MF /Users/jedwards/projects/live-surface/xcode/CMakeFiles/2.8.10.2/CompilerIdCXX/./CompilerIdCXX.build/Debug/CompilerIdCXX.build/Objects-normal/i386/CMakeCXXCompilerId.d --serialize-diagnostics /Users/jedwards/projects/live-surface/xcode/CMakeFiles/2.8.10.2/CompilerIdCXX/./CompilerIdCXX.build/Debug/CompilerIdCXX.build/Objects-normal/i386/CMakeCXXCompilerId.dia -c /Users/jedwards/projects/live-surface/xcode/CMakeFiles/2.8.10.2/CompilerIdCXX/CMakeCXXCompilerId.cpp -o /Users/jedwards/projects/live-surface/xcode/CMakeFiles/2.8.10.2/CompilerIdCXX/./CompilerIdCXX.build/Debug/CompilerIdCXX.build/Objects-normal/i386/CMakeCXXCompilerId.o

Ld ./CompilerIdCXX normal i386
    cd /Users/jedwards/projects/live-surface/xcode/CMakeFiles/2.8.10.2/CompilerIdCXX
    /Applications/Xcode.app/Contents/Developer/Toolchains/XcodeDefault.xctoolchain/usr/bin/clang++ -arch i386 -L/Users/jedwards/projects/live-surface/xcode/CMakeFiles/2.8.10.2/CompilerIdCXX -F/Users/jedwards/projects/live-surface/xcode/CMakeFiles/2.8.10.2/CompilerIdCXX -filelist /Users/jedwards/projects/live-surface/xcode/CMakeFiles/2.8.10.2/CompilerIdCXX/./CompilerIdCXX.build/Debug/CompilerIdCXX.build/Objects-normal/i386/CompilerIdCXX.LinkFileList -o /Users/jedwards/projects/live-surface/xcode/CMakeFiles/2.8.10.2/CompilerIdCXX/./CompilerIdCXX

PhaseScriptExecution "Run Script" ./CompilerIdCXX.build/Debug/CompilerIdCXX.build/Script-2C8FEB8E15DC1A1A00E56A5D.sh
    cd /Users/jedwards/projects/live-surface/xcode/CMakeFiles/2.8.10.2/CompilerIdCXX
    /bin/sh -c /Users/jedwards/projects/live-surface/xcode/CMakeFiles/2.8.10.2/CompilerIdCXX/./CompilerIdCXX.build/Debug/CompilerIdCXX.build/Script-2C8FEB8E15DC1A1A00E56A5D.sh
GCC_VERSION=com.apple.compilers.llvm.clang.1_0


** BUILD SUCCEEDED **



Compilation of the CXX compiler identification source "CMakeCXXCompilerId.cpp" produced "CompilerIdCXX"

The CXX compiler identification is Clang, found in "/Users/jedwards/projects/live-surface/xcode/CMakeFiles/2.8.10.2/CompilerIdCXX/CompilerIdCXX"

Determining if the C compiler works passed with the following output:
Change Dir: /Users/jedwards/projects/live-surface/xcode/CMakeFiles/CMakeTmp

Run Build Command:/opt/local/bin/cmakexbuild -project CMAKE_TRY_COMPILE.xcodeproj build -target cmTryCompileExec476433294 -configuration Debug
=== BUILD NATIVE TARGET cmTryCompileExec476433294 OF PROJECT CMAKE_TRY_COMPILE WITH CONFIGURATION Debug ===
Check dependencies

CompileC CMAKE_TRY_COMPILE.build/Debug/cmTryCompileExec476433294.build/Objects-normal/x86_64/testCCompiler.o testCCompiler.c normal x86_64 c com.apple.compilers.llvm.clang.1_0.compiler
    cd /Users/jedwards/projects/live-surface/xcode/CMakeFiles/CMakeTmp
    /Applications/Xcode.app/Contents/Developer/Toolchains/XcodeDefault.xctoolchain/usr/bin/clang -x c -arch x86_64 -fmessage-length=0 -Wno-trigraphs -fpascal-strings -O0 -Wno-missing-field-initializers -Wno-missing-prototypes -Wno-return-type -Wformat -Wno-missing-braces -Wparentheses -Wswitch -Wno-unused-function -Wno-unused-label -Wno-unused-parameter -Wno-unused-variable -Wunused-value -Wno-empty-body -Wno-uninitialized -Wno-unknown-pragmas -Wno-shadow -Wno-four-char-constants -Wno-conversion -Wno-constant-conversion -Wno-int-conversion -Wno-enum-conversion -Wno-shorten-64-to-32 -Wpointer-sign -Wno-newline-eof "-DCMAKE_INTDIR=\"Debug\"" -isysroot /Applications/Xcode.app/Contents/Developer/Platforms/MacOSX.platform/Developer/SDKs/MacOSX10.8.sdk -fasm-blocks -fstrict-aliasing -Wdeprecated-declarations -mmacosx-version-min=10.8 -g -Wno-sign-conversion -I/Users/jedwards/projects/live-surface/xcode/CMakeFiles/CMakeTmp/Debug/include -I/Applications/Xcode.app/Contents/Developer/Toolchains/XcodeDefault.xctoolchain/usr/include -I/Applications/Xcode.app/Contents/Developer/Toolchains/XcodeDefault.xctoolchain/usr/include -I/Applications/Xcode.app/Contents/Developer/Toolchains/XcodeDefault.xctoolchain/usr/include -I/Users/jedwards/projects/live-surface/xcode/CMakeFiles/CMakeTmp/CMAKE_TRY_COMPILE.build/Debug/cmTryCompileExec476433294.build/DerivedSources/x86_64 -I/Users/jedwards/projects/live-surface/xcode/CMakeFiles/CMakeTmp/CMAKE_TRY_COMPILE.build/Debug/cmTryCompileExec476433294.build/DerivedSources -Wmost -Wno-four-char-constants -Wno-unknown-pragmas -F/Users/jedwards/projects/live-surface/xcode/CMakeFiles/CMakeTmp/Debug -MMD -MT dependencies -MF /Users/jedwards/projects/live-surface/xcode/CMakeFiles/CMakeTmp/CMAKE_TRY_COMPILE.build/Debug/cmTryCompileExec476433294.build/Objects-normal/x86_64/testCCompiler.d --serialize-diagnostics /Users/jedwards/projects/live-surface/xcode/CMakeFiles/CMakeTmp/CMAKE_TRY_COMPILE.build/Debug/cmTryCompileExec476433294.build/Objects-normal/x86_64/testCCompiler.dia -c /Users/jedwards/projects/live-surface/xcode/CMakeFiles/CMakeTmp/testCCompiler.c -o /Users/jedwards/projects/live-surface/xcode/CMakeFiles/CMakeTmp/CMAKE_TRY_COMPILE.build/Debug/cmTryCompileExec476433294.build/Objects-normal/x86_64/testCCompiler.o

Ld Debug/cmTryCompileExec476433294 normal x86_64
    cd /Users/jedwards/projects/live-surface/xcode/CMakeFiles/CMakeTmp
    /Applications/Xcode.app/Contents/Developer/Toolchains/XcodeDefault.xctoolchain/usr/bin/clang -arch x86_64 -isysroot /Applications/Xcode.app/Contents/Developer/Platforms/MacOSX.platform/Developer/SDKs/MacOSX10.8.sdk -L/Users/jedwards/projects/live-surface/xcode/CMakeFiles/CMakeTmp/Debug -F/Users/jedwards/projects/live-surface/xcode/CMakeFiles/CMakeTmp/Debug -filelist /Users/jedwards/projects/live-surface/xcode/CMakeFiles/CMakeTmp/CMAKE_TRY_COMPILE.build/Debug/cmTryCompileExec476433294.build/Objects-normal/x86_64/cmTryCompileExec476433294.LinkFileList -mmacosx-version-min=10.8 -Wl,-search_paths_first -Wl,-headerpad_max_install_names -o /Users/jedwards/projects/live-surface/xcode/CMakeFiles/CMakeTmp/Debug/cmTryCompileExec476433294

PhaseScriptExecution "CMake PostBuild Rules" CMAKE_TRY_COMPILE.build/Debug/cmTryCompileExec476433294.build/Script-1435A10D63E843108F85E684.sh
    cd /Users/jedwards/projects/live-surface/xcode/CMakeFiles/CMakeTmp
    /bin/sh -c /Users/jedwards/projects/live-surface/xcode/CMakeFiles/CMakeTmp/CMAKE_TRY_COMPILE.build/Debug/cmTryCompileExec476433294.build/Script-1435A10D63E843108F85E684.sh
echo "Depend check for xcode"
Depend check for xcode
cd /Users/jedwards/projects/live-surface/xcode/CMakeFiles/CMakeTmp && make -C /Users/jedwards/projects/live-surface/xcode/CMakeFiles/CMakeTmp -f /Users/jedwards/projects/live-surface/xcode/CMakeFiles/CMakeTmp/CMakeScripts/XCODE_DEPEND_HELPER.make PostBuild.cmTryCompileExec476433294.Debug
make[1]: Nothing to be done for `PostBuild.cmTryCompileExec476433294.Debug'.


** BUILD SUCCEEDED **



Detecting C compiler ABI info compiled with the following output:
Change Dir: /Users/jedwards/projects/live-surface/xcode/CMakeFiles/CMakeTmp

Run Build Command:/opt/local/bin/cmakexbuild -project CMAKE_TRY_COMPILE.xcodeproj build -target cmTryCompileExec189487732 -configuration Debug
=== BUILD NATIVE TARGET cmTryCompileExec189487732 OF PROJECT CMAKE_TRY_COMPILE WITH CONFIGURATION Debug ===
Check dependencies

CompileC CMAKE_TRY_COMPILE.build/Debug/cmTryCompileExec189487732.build/Objects-normal/x86_64/CMakeCCompilerABI.o ../../../../../../../opt/local/share/cmake-2.8/Modules/CMakeCCompilerABI.c normal x86_64 c com.apple.compilers.llvm.clang.1_0.compiler
    cd /Users/jedwards/projects/live-surface/xcode/CMakeFiles/CMakeTmp
    /Applications/Xcode.app/Contents/Developer/Toolchains/XcodeDefault.xctoolchain/usr/bin/clang -x c -arch x86_64 -fmessage-length=0 -Wno-trigraphs -fpascal-strings -O0 -Wno-missing-field-initializers -Wno-missing-prototypes -Wno-return-type -Wformat -Wno-missing-braces -Wparentheses -Wswitch -Wno-unused-function -Wno-unused-label -Wno-unused-parameter -Wno-unused-variable -Wunused-value -Wno-empty-body -Wno-uninitialized -Wno-unknown-pragmas -Wno-shadow -Wno-four-char-constants -Wno-conversion -Wno-constant-conversion -Wno-int-conversion -Wno-enum-conversion -Wno-shorten-64-to-32 -Wpointer-sign -Wno-newline-eof "-DCMAKE_INTDIR=\"Debug\"" -isysroot /Applications/Xcode.app/Contents/Developer/Platforms/MacOSX.platform/Developer/SDKs/MacOSX10.8.sdk -fasm-blocks -fstrict-aliasing -Wdeprecated-declarations -mmacosx-version-min=10.8 -g -Wno-sign-conversion -I/Users/jedwards/projects/live-surface/xcode/CMakeFiles/CMakeTmp/Debug/include -I/Applications/Xcode.app/Contents/Developer/Toolchains/XcodeDefault.xctoolchain/usr/include -I/Applications/Xcode.app/Contents/Developer/Toolchains/XcodeDefault.xctoolchain/usr/include -I/Applications/Xcode.app/Contents/Developer/Toolchains/XcodeDefault.xctoolchain/usr/include -I/Users/jedwards/projects/live-surface/xcode/CMakeFiles/CMakeTmp/CMAKE_TRY_COMPILE.build/Debug/cmTryCompileExec189487732.build/DerivedSources/x86_64 -I/Users/jedwards/projects/live-surface/xcode/CMakeFiles/CMakeTmp/CMAKE_TRY_COMPILE.build/Debug/cmTryCompileExec189487732.build/DerivedSources -Wmost -Wno-four-char-constants -Wno-unknown-pragmas -F/Users/jedwards/projects/live-surface/xcode/CMakeFiles/CMakeTmp/Debug -MMD -MT dependencies -MF /Users/jedwards/projects/live-surface/xcode/CMakeFiles/CMakeTmp/CMAKE_TRY_COMPILE.build/Debug/cmTryCompileExec189487732.build/Objects-normal/x86_64/CMakeCCompilerABI.d --serialize-diagnostics /Users/jedwards/projects/live-surface/xcode/CMakeFiles/CMakeTmp/CMAKE_TRY_COMPILE.build/Debug/cmTryCompileExec189487732.build/Objects-normal/x86_64/CMakeCCompilerABI.dia -c /Users/jedwards/projects/live-surface/xcode/CMakeFiles/CMakeTmp/../../../../../../../opt/local/share/cmake-2.8/Modules/CMakeCCompilerABI.c -o /Users/jedwards/projects/live-surface/xcode/CMakeFiles/CMakeTmp/CMAKE_TRY_COMPILE.build/Debug/cmTryCompileExec189487732.build/Objects-normal/x86_64/CMakeCCompilerABI.o

Ld Debug/cmTryCompileExec189487732 normal x86_64
    cd /Users/jedwards/projects/live-surface/xcode/CMakeFiles/CMakeTmp
    /Applications/Xcode.app/Contents/Developer/Toolchains/XcodeDefault.xctoolchain/usr/bin/clang -arch x86_64 -isysroot /Applications/Xcode.app/Contents/Developer/Platforms/MacOSX.platform/Developer/SDKs/MacOSX10.8.sdk -L/Users/jedwards/projects/live-surface/xcode/CMakeFiles/CMakeTmp/Debug -F/Users/jedwards/projects/live-surface/xcode/CMakeFiles/CMakeTmp/Debug -filelist /Users/jedwards/projects/live-surface/xcode/CMakeFiles/CMakeTmp/CMAKE_TRY_COMPILE.build/Debug/cmTryCompileExec189487732.build/Objects-normal/x86_64/cmTryCompileExec189487732.LinkFileList -mmacosx-version-min=10.8 -v -Wl,-search_paths_first -Wl,-headerpad_max_install_names -o /Users/jedwards/projects/live-surface/xcode/CMakeFiles/CMakeTmp/Debug/cmTryCompileExec189487732
Apple LLVM version 4.2 (clang-425.0.28) (based on LLVM 3.2svn)
Target: x86_64-apple-darwin12.4.0
Thread model: posix
 "/Applications/Xcode.app/Contents/Developer/Toolchains/XcodeDefault.xctoolchain/usr/bin/ld" -demangle -dynamic -arch x86_64 -macosx_version_min 10.8.0 -syslibroot /Applications/Xcode.app/Contents/Developer/Platforms/MacOSX.platform/Developer/SDKs/MacOSX10.8.sdk -o /Users/jedwards/projects/live-surface/xcode/CMakeFiles/CMakeTmp/Debug/cmTryCompileExec189487732 -L/Users/jedwards/projects/live-surface/xcode/CMakeFiles/CMakeTmp/Debug -filelist /Users/jedwards/projects/live-surface/xcode/CMakeFiles/CMakeTmp/CMAKE_TRY_COMPILE.build/Debug/cmTryCompileExec189487732.build/Objects-normal/x86_64/cmTryCompileExec189487732.LinkFileList -search_paths_first -headerpad_max_install_names -lSystem /Applications/Xcode.app/Contents/Developer/Toolchains/XcodeDefault.xctoolchain/usr/bin/../lib/clang/4.2/lib/darwin/libclang_rt.osx.a -F/Users/jedwards/projects/live-surface/xcode/CMakeFiles/CMakeTmp/Debug

PhaseScriptExecution "CMake PostBuild Rules" CMAKE_TRY_COMPILE.build/Debug/cmTryCompileExec189487732.build/Script-F20064119A71428F90017517.sh
    cd /Users/jedwards/projects/live-surface/xcode/CMakeFiles/CMakeTmp
    /bin/sh -c /Users/jedwards/projects/live-surface/xcode/CMakeFiles/CMakeTmp/CMAKE_TRY_COMPILE.build/Debug/cmTryCompileExec189487732.build/Script-F20064119A71428F90017517.sh
echo "Depend check for xcode"
Depend check for xcode
cd /Users/jedwards/projects/live-surface/xcode/CMakeFiles/CMakeTmp && make -C /Users/jedwards/projects/live-surface/xcode/CMakeFiles/CMakeTmp -f /Users/jedwards/projects/live-surface/xcode/CMakeFiles/CMakeTmp/CMakeScripts/XCODE_DEPEND_HELPER.make PostBuild.cmTryCompileExec189487732.Debug
make[1]: Nothing to be done for `PostBuild.cmTryCompileExec189487732.Debug'.


** BUILD SUCCEEDED **



Determining if the CXX compiler works passed with the following output:
Change Dir: /Users/jedwards/projects/live-surface/xcode/CMakeFiles/CMakeTmp

Run Build Command:/opt/local/bin/cmakexbuild -project CMAKE_TRY_COMPILE.xcodeproj build -target cmTryCompileExec1739176209 -configuration Debug
=== BUILD NATIVE TARGET cmTryCompileExec1739176209 OF PROJECT CMAKE_TRY_COMPILE WITH CONFIGURATION Debug ===
Check dependencies

CompileC CMAKE_TRY_COMPILE.build/Debug/cmTryCompileExec1739176209.build/Objects-normal/x86_64/testCXXCompiler.o testCXXCompiler.cxx normal x86_64 c++ com.apple.compilers.llvm.clang.1_0.compiler
    cd /Users/jedwards/projects/live-surface/xcode/CMakeFiles/CMakeTmp
    /Applications/Xcode.app/Contents/Developer/Toolchains/XcodeDefault.xctoolchain/usr/bin/clang -x c++ -arch x86_64 -fmessage-length=0 -Wno-trigraphs -fpascal-strings -O0 -Wno-missing-field-initializers -Wno-missing-prototypes -Wno-return-type -Wno-non-virtual-dtor -Wno-overloaded-virtual -Wno-exit-time-destructors -Wformat -Wno-missing-braces -Wparentheses -Wswitch -Wno-unused-function -Wno-unused-label -Wno-unused-parameter -Wno-unused-variable -Wunused-value -Wno-empty-body -Wno-uninitialized -Wno-unknown-pragmas -Wno-shadow -Wno-four-char-constants -Wno-conversion -Wno-constant-conversion -Wno-int-conversion -Wno-enum-conversion -Wno-shorten-64-to-32 -Wno-newline-eof -Wno-c++11-extensions "-DCMAKE_INTDIR=\"Debug\"" -isysroot /Applications/Xcode.app/Contents/Developer/Platforms/MacOSX.platform/Developer/SDKs/MacOSX10.8.sdk -fasm-blocks -fstrict-aliasing -Wdeprecated-declarations -Winvalid-offsetof -mmacosx-version-min=10.8 -Wno-sign-conversion -I/Users/jedwards/projects/live-surface/xcode/CMakeFiles/CMakeTmp/Debug/include -I/Applications/Xcode.app/Contents/Developer/Toolchains/XcodeDefault.xctoolchain/usr/include -I/Applications/Xcode.app/Contents/Developer/Toolchains/XcodeDefault.xctoolchain/usr/include -I/Applications/Xcode.app/Contents/Developer/Toolchains/XcodeDefault.xctoolchain/usr/include -I/Users/jedwards/projects/live-surface/xcode/CMakeFiles/CMakeTmp/CMAKE_TRY_COMPILE.build/Debug/cmTryCompileExec1739176209.build/DerivedSources/x86_64 -I/Users/jedwards/projects/live-surface/xcode/CMakeFiles/CMakeTmp/CMAKE_TRY_COMPILE.build/Debug/cmTryCompileExec1739176209.build/DerivedSources -Wmost -Wno-four-char-constants -Wno-unknown-pragmas -F/Users/jedwards/projects/live-surface/xcode/CMakeFiles/CMakeTmp/Debug -g -MMD -MT dependencies -MF /Users/jedwards/projects/live-surface/xcode/CMakeFiles/CMakeTmp/CMAKE_TRY_COMPILE.build/Debug/cmTryCompileExec1739176209.build/Objects-normal/x86_64/testCXXCompiler.d --serialize-diagnostics /Users/jedwards/projects/live-surface/xcode/CMakeFiles/CMakeTmp/CMAKE_TRY_COMPILE.build/Debug/cmTryCompileExec1739176209.build/Objects-normal/x86_64/testCXXCompiler.dia -c /Users/jedwards/projects/live-surface/xcode/CMakeFiles/CMakeTmp/testCXXCompiler.cxx -o /Users/jedwards/projects/live-surface/xcode/CMakeFiles/CMakeTmp/CMAKE_TRY_COMPILE.build/Debug/cmTryCompileExec1739176209.build/Objects-normal/x86_64/testCXXCompiler.o

Ld Debug/cmTryCompileExec1739176209 normal x86_64
    cd /Users/jedwards/projects/live-surface/xcode/CMakeFiles/CMakeTmp
    /Applications/Xcode.app/Contents/Developer/Toolchains/XcodeDefault.xctoolchain/usr/bin/clang++ -arch x86_64 -isysroot /Applications/Xcode.app/Contents/Developer/Platforms/MacOSX.platform/Developer/SDKs/MacOSX10.8.sdk -L/Users/jedwards/projects/live-surface/xcode/CMakeFiles/CMakeTmp/Debug -F/Users/jedwards/projects/live-surface/xcode/CMakeFiles/CMakeTmp/Debug -filelist /Users/jedwards/projects/live-surface/xcode/CMakeFiles/CMakeTmp/CMAKE_TRY_COMPILE.build/Debug/cmTryCompileExec1739176209.build/Objects-normal/x86_64/cmTryCompileExec1739176209.LinkFileList -mmacosx-version-min=10.8 -Wl,-search_paths_first -Wl,-headerpad_max_install_names -o /Users/jedwards/projects/live-surface/xcode/CMakeFiles/CMakeTmp/Debug/cmTryCompileExec1739176209

PhaseScriptExecution "CMake PostBuild Rules" CMAKE_TRY_COMPILE.build/Debug/cmTryCompileExec1739176209.build/Script-DFD3A89CAC964F20BCFBCC6A.sh
    cd /Users/jedwards/projects/live-surface/xcode/CMakeFiles/CMakeTmp
    /bin/sh -c /Users/jedwards/projects/live-surface/xcode/CMakeFiles/CMakeTmp/CMAKE_TRY_COMPILE.build/Debug/cmTryCompileExec1739176209.build/Script-DFD3A89CAC964F20BCFBCC6A.sh
echo "Depend check for xcode"
Depend check for xcode
cd /Users/jedwards/projects/live-surface/xcode/CMakeFiles/CMakeTmp && make -C /Users/jedwards/projects/live-surface/xcode/CMakeFiles/CMakeTmp -f /Users/jedwards/projects/live-surface/xcode/CMakeFiles/CMakeTmp/CMakeScripts/XCODE_DEPEND_HELPER.make PostBuild.cmTryCompileExec1739176209.Debug
make[1]: Nothing to be done for `PostBuild.cmTryCompileExec1739176209.Debug'.


** BUILD SUCCEEDED **



Detecting CXX compiler ABI info compiled with the following output:
Change Dir: /Users/jedwards/projects/live-surface/xcode/CMakeFiles/CMakeTmp

Run Build Command:/opt/local/bin/cmakexbuild -project CMAKE_TRY_COMPILE.xcodeproj build -target cmTryCompileExec2681194139 -configuration Debug
=== BUILD NATIVE TARGET cmTryCompileExec2681194139 OF PROJECT CMAKE_TRY_COMPILE WITH CONFIGURATION Debug ===
Check dependencies

CompileC CMAKE_TRY_COMPILE.build/Debug/cmTryCompileExec2681194139.build/Objects-normal/x86_64/CMakeCXXCompilerABI.o ../../../../../../../opt/local/share/cmake-2.8/Modules/CMakeCXXCompilerABI.cpp normal x86_64 c++ com.apple.compilers.llvm.clang.1_0.compiler
    cd /Users/jedwards/projects/live-surface/xcode/CMakeFiles/CMakeTmp
    /Applications/Xcode.app/Contents/Developer/Toolchains/XcodeDefault.xctoolchain/usr/bin/clang -x c++ -arch x86_64 -fmessage-length=0 -Wno-trigraphs -fpascal-strings -O0 -Wno-missing-field-initializers -Wno-missing-prototypes -Wno-return-type -Wno-non-virtual-dtor -Wno-overloaded-virtual -Wno-exit-time-destructors -Wformat -Wno-missing-braces -Wparentheses -Wswitch -Wno-unused-function -Wno-unused-label -Wno-unused-parameter -Wno-unused-variable -Wunused-value -Wno-empty-body -Wno-uninitialized -Wno-unknown-pragmas -Wno-shadow -Wno-four-char-constants -Wno-conversion -Wno-constant-conversion -Wno-int-conversion -Wno-enum-conversion -Wno-shorten-64-to-32 -Wno-newline-eof -Wno-c++11-extensions "-DCMAKE_INTDIR=\"Debug\"" -isysroot /Applications/Xcode.app/Contents/Developer/Platforms/MacOSX.platform/Developer/SDKs/MacOSX10.8.sdk -fasm-blocks -fstrict-aliasing -Wdeprecated-declarations -Winvalid-offsetof -mmacosx-version-min=10.8 -Wno-sign-conversion -I/Users/jedwards/projects/live-surface/xcode/CMakeFiles/CMakeTmp/Debug/include -I/Applications/Xcode.app/Contents/Developer/Toolchains/XcodeDefault.xctoolchain/usr/include -I/Applications/Xcode.app/Contents/Developer/Toolchains/XcodeDefault.xctoolchain/usr/include -I/Applications/Xcode.app/Contents/Developer/Toolchains/XcodeDefault.xctoolchain/usr/include -I/Users/jedwards/projects/live-surface/xcode/CMakeFiles/CMakeTmp/CMAKE_TRY_COMPILE.build/Debug/cmTryCompileExec2681194139.build/DerivedSources/x86_64 -I/Users/jedwards/projects/live-surface/xcode/CMakeFiles/CMakeTmp/CMAKE_TRY_COMPILE.build/Debug/cmTryCompileExec2681194139.build/DerivedSources -Wmost -Wno-four-char-constants -Wno-unknown-pragmas -F/Users/jedwards/projects/live-surface/xcode/CMakeFiles/CMakeTmp/Debug -g -MMD -MT dependencies -MF /Users/jedwards/projects/live-surface/xcode/CMakeFiles/CMakeTmp/CMAKE_TRY_COMPILE.build/Debug/cmTryCompileExec2681194139.build/Objects-normal/x86_64/CMakeCXXCompilerABI.d --serialize-diagnostics /Users/jedwards/projects/live-surface/xcode/CMakeFiles/CMakeTmp/CMAKE_TRY_COMPILE.build/Debug/cmTryCompileExec2681194139.build/Objects-normal/x86_64/CMakeCXXCompilerABI.dia -c /Users/jedwards/projects/live-surface/xcode/CMakeFiles/CMakeTmp/../../../../../../../opt/local/share/cmake-2.8/Modules/CMakeCXXCompilerABI.cpp -o /Users/jedwards/projects/live-surface/xcode/CMakeFiles/CMakeTmp/CMAKE_TRY_COMPILE.build/Debug/cmTryCompileExec2681194139.build/Objects-normal/x86_64/CMakeCXXCompilerABI.o

Ld Debug/cmTryCompileExec2681194139 normal x86_64
    cd /Users/jedwards/projects/live-surface/xcode/CMakeFiles/CMakeTmp
    /Applications/Xcode.app/Contents/Developer/Toolchains/XcodeDefault.xctoolchain/usr/bin/clang++ -arch x86_64 -isysroot /Applications/Xcode.app/Contents/Developer/Platforms/MacOSX.platform/Developer/SDKs/MacOSX10.8.sdk -L/Users/jedwards/projects/live-surface/xcode/CMakeFiles/CMakeTmp/Debug -F/Users/jedwards/projects/live-surface/xcode/CMakeFiles/CMakeTmp/Debug -filelist /Users/jedwards/projects/live-surface/xcode/CMakeFiles/CMakeTmp/CMAKE_TRY_COMPILE.build/Debug/cmTryCompileExec2681194139.build/Objects-normal/x86_64/cmTryCompileExec2681194139.LinkFileList -mmacosx-version-min=10.8 -v -Wl,-search_paths_first -Wl,-headerpad_max_install_names -o /Users/jedwards/projects/live-surface/xcode/CMakeFiles/CMakeTmp/Debug/cmTryCompileExec2681194139
Apple LLVM version 4.2 (clang-425.0.28) (based on LLVM 3.2svn)
Target: x86_64-apple-darwin12.4.0
Thread model: posix
 "/Applications/Xcode.app/Contents/Developer/Toolchains/XcodeDefault.xctoolchain/usr/bin/ld" -demangle -dynamic -arch x86_64 -macosx_version_min 10.8.0 -syslibroot /Applications/Xcode.app/Contents/Developer/Platforms/MacOSX.platform/Developer/SDKs/MacOSX10.8.sdk -o /Users/jedwards/projects/live-surface/xcode/CMakeFiles/CMakeTmp/Debug/cmTryCompileExec2681194139 -L/Users/jedwards/projects/live-surface/xcode/CMakeFiles/CMakeTmp/Debug -filelist /Users/jedwards/projects/live-surface/xcode/CMakeFiles/CMakeTmp/CMAKE_TRY_COMPILE.build/Debug/cmTryCompileExec2681194139.build/Objects-normal/x86_64/cmTryCompileExec2681194139.LinkFileList -search_paths_first -headerpad_max_install_names -lstdc++ -lSystem /Applications/Xcode.app/Contents/Developer/Toolchains/XcodeDefault.xctoolchain/usr/bin/../lib/clang/4.2/lib/darwin/libclang_rt.osx.a -F/Users/jedwards/projects/live-surface/xcode/CMakeFiles/CMakeTmp/Debug

PhaseScriptExecution "CMake PostBuild Rules" CMAKE_TRY_COMPILE.build/Debug/cmTryCompileExec2681194139.build/Script-DB2FAFF04F83428C808DDB20.sh
    cd /Users/jedwards/projects/live-surface/xcode/CMakeFiles/CMakeTmp
    /bin/sh -c /Users/jedwards/projects/live-surface/xcode/CMakeFiles/CMakeTmp/CMAKE_TRY_COMPILE.build/Debug/cmTryCompileExec2681194139.build/Script-DB2FAFF04F83428C808DDB20.sh
echo "Depend check for xcode"
Depend check for xcode
cd /Users/jedwards/projects/live-surface/xcode/CMakeFiles/CMakeTmp && make -C /Users/jedwards/projects/live-surface/xcode/CMakeFiles/CMakeTmp -f /Users/jedwards/projects/live-surface/xcode/CMakeFiles/CMakeTmp/CMakeScripts/XCODE_DEPEND_HELPER.make PostBuild.cmTryCompileExec2681194139.Debug
make[1]: Nothing to be done for `PostBuild.cmTryCompileExec2681194139.Debug'.


** BUILD SUCCEEDED **



